[2026-07-08 16:19:22] [INFO] AUDIT: LOGIN_FAILED {"user_id":null,"entity_type":"users","entity_id":null}
[2026-07-08 16:19:45] [INFO] AUDIT: LOGIN_FAILED {"user_id":null,"entity_type":"users","entity_id":null}
[2026-07-08 16:20:04] [INFO] AUDIT: ATTENDANCE_AUTO_MARKED {"user_id":1,"entity_type":"attendance","entity_id":null}
[2026-07-08 16:20:04] [INFO] AUDIT: LOGIN_SUCCESS {"user_id":1,"entity_type":"users","entity_id":1}
[2026-07-08 16:24:06] [INFO] AUDIT: LOGIN_SUCCESS {"user_id":4,"entity_type":"users","entity_id":4}
[2026-07-08 16:24:48] [INFO] AUDIT: LOGIN_SUCCESS {"user_id":4,"entity_type":"users","entity_id":4}
[2026-07-08 16:24:48] [INFO] AUDIT: USER_CREATED {"user_id":4,"entity_type":"users","entity_id":5}
[2026-07-08 16:24:48] [INFO] AUDIT: VEHICLE_CREATED {"user_id":4,"entity_type":"vehicles","entity_id":5}
[2026-07-08 16:24:48] [INFO] AUDIT: VEHICLE_UPDATED {"user_id":4,"entity_type":"vehicles","entity_id":5}
[2026-07-08 16:24:49] [INFO] AUDIT: USER_UPDATED {"user_id":4,"entity_type":"users","entity_id":5}
[2026-07-08 16:24:49] [INFO] AUDIT: LOGIN_SUCCESS {"user_id":1,"entity_type":"users","entity_id":1}
[2026-07-08 16:34:15] [INFO] AUDIT: LOGIN_SUCCESS {"user_id":1,"entity_type":"users","entity_id":1}
[2026-07-08 16:34:15] [INFO] AUDIT: TRIP_CREATED {"user_id":1,"entity_type":"trips","entity_id":1}
[2026-07-08 16:40:58] [INFO] AUDIT: LOGIN_SUCCESS {"user_id":2,"entity_type":"users","entity_id":2}
[2026-07-08 16:40:58] [INFO] AUDIT: LOCATIONS_UPLOADED {"user_id":2,"entity_type":"locations","entity_id":null}
[2026-07-08 16:41:07] [INFO] AUDIT: LOGIN_SUCCESS {"user_id":4,"entity_type":"users","entity_id":4}
[2026-07-08 16:42:03] [INFO] AUDIT: LOGIN_SUCCESS {"user_id":3,"entity_type":"users","entity_id":3}
[2026-07-08 20:56:02] [INFO] AUDIT: LOGIN_SUCCESS {"user_id":4,"entity_type":"users","entity_id":4}
[2026-07-08 21:34:35] [INFO] AUDIT: LOGIN_SUCCESS {"user_id":4,"entity_type":"users","entity_id":4}
[2026-07-08 21:35:52] [INFO] AUDIT: LOGIN_SUCCESS {"user_id":2,"entity_type":"users","entity_id":2}
[2026-07-08 21:36:31] [INFO] AUDIT: LOGIN_FAILED {"user_id":null,"entity_type":"users","entity_id":null}
[2026-07-08 21:36:46] [INFO] AUDIT: LOGIN_SUCCESS {"user_id":3,"entity_type":"users","entity_id":3}
[2026-07-08 21:36:58] [INFO] AUDIT: BREAKDOWN_STATUS_CHANGED {"user_id":3,"entity_type":"breakdowns","entity_id":1}
[2026-07-08 21:36:59] [INFO] AUDIT: BREAKDOWN_STATUS_CHANGED {"user_id":3,"entity_type":"breakdowns","entity_id":2}
[2026-07-08 21:37:00] [INFO] AUDIT: BREAKDOWN_STATUS_CHANGED {"user_id":3,"entity_type":"breakdowns","entity_id":3}
[2026-07-08 21:37:33] [INFO] AUDIT: LOGIN_SUCCESS {"user_id":1,"entity_type":"users","entity_id":1}
[2026-07-08 21:48:37] [INFO] AUDIT: LOGIN_SUCCESS {"user_id":4,"entity_type":"users","entity_id":4}
[2026-07-08 21:50:52] [INFO] AUDIT: LOGIN_SUCCESS {"user_id":1,"entity_type":"users","entity_id":1}
[2026-07-08 21:51:56] [INFO] AUDIT: LOGIN_SUCCESS {"user_id":1,"entity_type":"users","entity_id":1}
[2026-07-08 21:52:08] [INFO] AUDIT: BREAKDOWN_REPORTED {"user_id":1,"entity_type":"breakdowns","entity_id":4}
[2026-07-08 21:52:34] [INFO] AUDIT: LOGIN_SUCCESS {"user_id":3,"entity_type":"users","entity_id":3}
[2026-07-08 21:52:43] [INFO] AUDIT: BREAKDOWN_STATUS_CHANGED {"user_id":3,"entity_type":"breakdowns","entity_id":4}
[2026-07-08 21:52:49] [INFO] AUDIT: BREAKDOWN_STATUS_CHANGED {"user_id":3,"entity_type":"breakdowns","entity_id":4}
[2026-07-08 22:04:58] [INFO] AUDIT: LOGIN_FAILED {"user_id":null,"entity_type":"users","entity_id":null}
[2026-07-08 22:05:05] [INFO] AUDIT: LOGIN_FAILED {"user_id":null,"entity_type":"users","entity_id":null}
[2026-07-08 22:05:08] [INFO] AUDIT: LOGIN_SUCCESS {"user_id":4,"entity_type":"users","entity_id":4}
[2026-07-08 22:11:14] [INFO] AUDIT: LOGIN_SUCCESS {"user_id":4,"entity_type":"users","entity_id":4}
[2026-07-08 22:13:10] [INFO] AUDIT: LOGIN_SUCCESS {"user_id":4,"entity_type":"users","entity_id":4}
[2026-07-08 22:17:16] [INFO] AUDIT: LOGIN_SUCCESS {"user_id":4,"entity_type":"users","entity_id":4}
[2026-07-08 22:23:08] [INFO] AUDIT: LOGIN_SUCCESS {"user_id":4,"entity_type":"users","entity_id":4}
[2026-07-08 22:31:00] [INFO] AUDIT: LOGIN_FAILED {"user_id":null,"entity_type":"users","entity_id":null}
[2026-07-08 22:31:13] [INFO] AUDIT: LOGIN_SUCCESS {"user_id":4,"entity_type":"users","entity_id":4}
[2026-07-08 22:33:16] [INFO] AUDIT: LOGIN_SUCCESS {"user_id":4,"entity_type":"users","entity_id":4}
[2026-07-08 22:33:45] [INFO] AUDIT: LOGIN_SUCCESS {"user_id":1,"entity_type":"users","entity_id":1}
[2026-07-08 22:33:58] [INFO] AUDIT: TRIP_CREATED {"user_id":1,"entity_type":"trips","entity_id":2}
[2026-07-08 22:34:22] [INFO] AUDIT: BREAKDOWN_REPORTED {"user_id":1,"entity_type":"breakdowns","entity_id":6}
[2026-07-08 22:34:43] [INFO] AUDIT: LOGIN_SUCCESS {"user_id":4,"entity_type":"users","entity_id":4}
[2026-07-08 22:36:21] [INFO] AUDIT: USER_CREATED {"user_id":4,"entity_type":"users","entity_id":6}
[2026-07-08 22:44:44] [INFO] AUDIT: LOGIN_SUCCESS {"user_id":4,"entity_type":"users","entity_id":4}
[2026-07-08 22:49:17] [INFO] AUDIT: LOGIN_SUCCESS {"user_id":4,"entity_type":"users","entity_id":4}
[2026-07-08 22:49:49] [INFO] AUDIT: LOGIN_SUCCESS {"user_id":4,"entity_type":"users","entity_id":4}
[2026-07-08 22:50:26] [INFO] AUDIT: LOGIN_SUCCESS {"user_id":4,"entity_type":"users","entity_id":4}
[2026-07-08 22:51:56] [INFO] AUDIT: LOGIN_FAILED {"user_id":null,"entity_type":"users","entity_id":null}
[2026-07-08 22:52:01] [INFO] AUDIT: LOGIN_SUCCESS {"user_id":4,"entity_type":"users","entity_id":4}
[2026-07-08 22:55:35] [INFO] AUDIT: LOGIN_SUCCESS {"user_id":4,"entity_type":"users","entity_id":4}
[2026-07-08 23:10:44] [INFO] AUDIT: LOGIN_SUCCESS {"user_id":4,"entity_type":"users","entity_id":4}
[2026-07-08 23:13:03] [INFO] AUDIT: LOGIN_SUCCESS {"user_id":4,"entity_type":"users","entity_id":4}
[2026-07-08 23:15:14] [INFO] AUDIT: LOGIN_FAILED {"user_id":null,"entity_type":"users","entity_id":null}
[2026-07-08 23:15:20] [INFO] AUDIT: LOGIN_SUCCESS {"user_id":2,"entity_type":"users","entity_id":2}
[2026-07-08 23:21:18] [INFO] AUDIT: LOGIN_SUCCESS {"user_id":2,"entity_type":"users","entity_id":2}
[2026-07-08 23:25:53] [INFO] AUDIT: LOCATIONS_UPLOADED {"user_id":2,"entity_type":"locations","entity_id":null}
[2026-07-08 23:27:24] [INFO] AUDIT: LOGIN_SUCCESS {"user_id":4,"entity_type":"users","entity_id":4}
